<?xml version="1.0" encoding="UTF-8"?>
<beans xmlns="http://www.springframework.org/schema/beans"
       xmlns:xsi="http://www.w3.org/2001/XMLSchema-instance"

       xsi:schemaLocation=
               "http://www.springframework.org/schema/beans
                http://www.springframework.org/schema/beans/spring-beans.xsd">

    <import resource="dao-context.xml"/>

    <bean id="testDatabaseConnection" parent="databaseConnection">
        <property name="url" value="jdbc:mysql://localhost:3306/testMarket"/>
        <property name="username" value="root"/>
        <property name="password" value="500290"/>
    </bean>

    <bean id="personDao" class="com.epam.jdbc.impl.PersonDaoImpl">
        <property name="databaseConnection" ref="testDatabaseConnection"/>
    </bean>

</beans>